# JRE version: Java(TM) SE Runtime Environment (7.0_80-b15) (build 1.7.0_80-b15)
# Java VM: Java HotSpot(TM) 64-Bit Server VM (24.80-b11 mixed mode linux-amd64 compressed oops)
Heap
 PSYoungGen      total 67584K, used 38921K [0x00000000eb700000, 0x00000000eff00000, 0x0000000100000000)
  eden space 62976K, 54% used [0x00000000eb700000,0x00000000ed883e10,0x00000000ef480000)
  from space 4608K, 99% used [0x00000000ef980000,0x00000000efdfe5f0,0x00000000efe00000)
  to   space 5120K, 0% used [0x00000000ef480000,0x00000000ef480000,0x00000000ef980000)
 ParOldGen       total 41984K, used 6100K [0x00000000c2600000, 0x00000000c4f00000, 0x00000000eb700000)
  object space 41984K, 14% used [0x00000000c2600000,0x00000000c2bf5168,0x00000000c4f00000)
 PSPermGen       total 21504K, used 21317K [0x00000000bd400000, 0x00000000be900000, 0x00000000c2600000)
  object space 21504K, 99% used [0x00000000bd400000,0x00000000be8d1418,0x00000000be900000)
GC Heap History (10 events):
Event: 1.254 GC heap before
{Heap before GC invocations=2 (full 0):
 PSYoungGen      total 18432K, used 18431K [0x00000000eb700000, 0x00000000ecb80000, 0x0000000100000000)
  eden space 15872K, 100% used [0x00000000eb700000,0x00000000ec680000,0x00000000ec680000)
  from space 2560K, 99% used [0x00000000ec680000,0x00000000ec8ffc30,0x00000000ec900000)
  to   space 2560K, 0% used [0x00000000ec900000,0x00000000ec900000,0x00000000ecb80000)
 ParOldGen       total 41984K, used 469K [0x00000000c2600000, 0x00000000c4f00000, 0x00000000eb700000)
  object space 41984K, 1% used [0x00000000c2600000,0x00000000c2675668,0x00000000c4f00000)
 PSPermGen       total 21504K, used 9684K [0x00000000bd400000, 0x00000000be900000, 0x00000000c2600000)
  object space 21504K, 45% used [0x00000000bd400000,0x00000000bdd75290,0x00000000be900000)
Event: 1.264 GC heap after
Heap after GC invocations=2 (full 0):
 PSYoungGen      total 18432K, used 2537K [0x00000000eb700000, 0x00000000edb00000, 0x0000000100000000)
  eden space 15872K, 0% used [0x00000000eb700000,0x00000000eb700000,0x00000000ec680000)
  from space 2560K, 99% used [0x00000000ec900000,0x00000000ecb7a7b0,0x00000000ecb80000)
  to   space 2560K, 0% used [0x00000000ec680000,0x00000000ec680000,0x00000000ec900000)
 ParOldGen       total 41984K, used 1343K [0x00000000c2600000, 0x00000000c4f00000, 0x00000000eb700000)
  object space 41984K, 3% used [0x00000000c2600000,0x00000000c274ff28,0x00000000c4f00000)
 PSPermGen       total 21504K, used 9684K [0x00000000bd400000, 0x00000000be900000, 0x00000000c2600000)
  object space 21504K, 45% used [0x00000000bd400000,0x00000000bdd75290,0x00000000be900000)
}
Event: 1.491 GC heap before
{Heap before GC invocations=3 (full 0):
 PSYoungGen      total 18432K, used 18409K [0x00000000eb700000, 0x00000000edb00000, 0x0000000100000000)
  eden space 15872K, 100% used [0x00000000eb700000,0x00000000ec680000,0x00000000ec680000)
  from space 2560K, 99% used [0x00000000ec900000,0x00000000ecb7a7b0,0x00000000ecb80000)
  to   space 2560K, 0% used [0x00000000ec680000,0x00000000ec680000,0x00000000ec900000)
 ParOldGen       total 41984K, used 1343K [0x00000000c2600000, 0x00000000c4f00000, 0x00000000eb700000)
  object space 41984K, 3% used [0x00000000c2600000,0x00000000c274ff28,0x00000000c4f00000)
 PSPermGen       total 21504K, used 12220K [0x00000000bd400000, 0x00000000be900000, 0x00000000c2600000)
  object space 21504K, 56% used [0x00000000bd400000,0x00000000bdfef1e0,0x00000000be900000)
Event: 1.503 GC heap after
Heap after GC invocations=3 (full 0):
 PSYoungGen      total 18432K, used 2536K [0x00000000eb700000, 0x00000000edb00000, 0x0000000100000000)
  eden space 15872K, 0% used [0x00000000eb700000,0x00000000eb700000,0x00000000ec680000)
  from space 2560K, 99% used [0x00000000ec680000,0x00000000ec8fa0d0,0x00000000ec900000)
  to   space 2560K, 0% used [0x00000000ed880000,0x00000000ed880000,0x00000000edb00000)
 ParOldGen       total 41984K, used 3016K [0x00000000c2600000, 0x00000000c4f00000, 0x00000000eb700000)
  object space 41984K, 7% used [0x00000000c2600000,0x00000000c28f22d8,0x00000000c4f00000)
 PSPermGen       total 21504K, used 12220K [0x00000000bd400000, 0x00000000be900000, 0x00000000c2600000)
  object space 21504K, 56% used [0x00000000bd400000,0x00000000bdfef1e0,0x00000000be900000)
}
Event: 1.842 GC heap before
{Heap before GC invocations=4 (full 0):
 PSYoungGen      total 18432K, used 18408K [0x00000000eb700000, 0x00000000edb00000, 0x0000000100000000)
  eden space 15872K, 100% used [0x00000000eb700000,0x00000000ec680000,0x00000000ec680000)
  from space 2560K, 99% used [0x00000000ec680000,0x00000000ec8fa0d0,0x00000000ec900000)
  to   space 2560K, 0% used [0x00000000ed880000,0x00000000ed880000,0x00000000edb00000)
 ParOldGen       total 41984K, used 3016K [0x00000000c2600000, 0x00000000c4f00000, 0x00000000eb700000)
  object space 41984K, 7% used [0x00000000c2600000,0x00000000c28f22d8,0x00000000c4f00000)
 PSPermGen       total 21504K, used 15045K [0x00000000bd400000, 0x00000000be900000, 0x00000000c2600000)
  object space 21504K, 69% used [0x00000000bd400000,0x00000000be2b1460,0x00000000be900000)
Event: 1.851 GC heap after
Heap after GC invocations=4 (full 0):
 PSYoungGen      total 34304K, used 2557K [0x00000000eb700000, 0x00000000edb00000, 0x0000000100000000)
  eden space 31744K, 0% used [0x00000000eb700000,0x00000000eb700000,0x00000000ed600000)
  from space 2560K, 99% used [0x00000000ed880000,0x00000000edaff7b8,0x00000000edb00000)
  to   space 2560K, 0% used [0x00000000ed600000,0x00000000ed600000,0x00000000ed880000)
 ParOldGen       total 41984K, used 4441K [0x00000000c2600000, 0x00000000c4f00000, 0x00000000eb700000)
  object space 41984K, 10% used [0x00000000c2600000,0x00000000c2a56428,0x00000000c4f00000)
 PSPermGen       total 21504K, used 15045K [0x00000000bd400000, 0x00000000be900000, 0x00000000c2600000)
  object space 21504K, 69% used [0x00000000bd400000,0x00000000be2b1460,0x00000000be900000)
}
Event: 6.263 GC heap before
{Heap before GC invocations=5 (full 0):
 PSYoungGen      total 34304K, used 34301K [0x00000000eb700000, 0x00000000edb00000, 0x0000000100000000)
  eden space 31744K, 100% used [0x00000000eb700000,0x00000000ed600000,0x00000000ed600000)
  from space 2560K, 99% used [0x00000000ed880000,0x00000000edaff7b8,0x00000000edb00000)
  to   space 2560K, 0% used [0x00000000ed600000,0x00000000ed600000,0x00000000ed880000)
 ParOldGen       total 41984K, used 4441K [0x00000000c2600000, 0x00000000c4f00000, 0x00000000eb700000)
  object space 41984K, 10% used [0x00000000c2600000,0x00000000c2a56428,0x00000000c4f00000)
 PSPermGen       total 21504K, used 16234K [0x00000000bd400000, 0x00000000be900000, 0x00000000c2600000)
  object space 21504K, 75% used [0x00000000bd400000,0x00000000be3da990,0x00000000be900000)
Event: 6.273 GC heap after
Heap after GC invocations=5 (full 0):
 PSYoungGen      total 34304K, used 2553K [0x00000000eb700000, 0x00000000efe00000, 0x0000000100000000)
  eden space 31744K, 0% used [0x00000000eb700000,0x00000000eb700000,0x00000000ed600000)
  from space 2560K, 99% used [0x00000000ed600000,0x00000000ed87e608,0x00000000ed880000)
  to   space 4608K, 0% used [0x00000000ef980000,0x00000000ef980000,0x00000000efe00000)
 ParOldGen       total 41984K, used 5573K [0x00000000c2600000, 0x00000000c4f00000, 0x00000000eb700000)
  object space 41984K, 13% used [0x00000000c2600000,0x00000000c2b71540,0x00000000c4f00000)
 PSPermGen       total 21504K, used 16234K [0x00000000bd400000, 0x00000000be900000, 0x00000000c2600000)
  object space 21504K, 75% used [0x00000000bd400000,0x00000000be3da990,0x00000000be900000)
}
Event: 6.886 GC heap before
{Heap before GC invocations=6 (full 0):
 PSYoungGen      total 34304K, used 34297K [0x00000000eb700000, 0x00000000efe00000, 0x0000000100000000)
  eden space 31744K, 100% used [0x00000000eb700000,0x00000000ed600000,0x00000000ed600000)
  from space 2560K, 99% used [0x00000000ed600000,0x00000000ed87e608,0x00000000ed880000)
  to   space 4608K, 0% used [0x00000000ef980000,0x00000000ef980000,0x00000000efe00000)
 ParOldGen       total 41984K, used 5573K [0x00000000c2600000, 0x00000000c4f00000, 0x00000000eb700000)
  object space 41984K, 13% used [0x00000000c2600000,0x00000000c2b71540,0x00000000c4f00000)
 PSPermGen       total 21504K, used 17577K [0x00000000bd400000, 0x00000000be900000, 0x00000000c2600000)
  object space 21504K, 81% used [0x00000000bd400000,0x00000000be52a4b8,0x00000000be900000)
Event: 6.908 GC heap after
Heap after GC invocations=6 (full 0):
 PSYoungGen      total 67584K, used 4601K [0x00000000eb700000, 0x00000000eff00000, 0x0000000100000000)
  eden space 62976K, 0% used [0x00000000eb700000,0x00000000eb700000,0x00000000ef480000)
  from space 4608K, 99% used [0x00000000ef980000,0x00000000efdfe5f0,0x00000000efe00000)
  to   space 5120K, 0% used [0x00000000ef480000,0x00000000ef480000,0x00000000ef980000)
 ParOldGen       total 41984K, used 6100K [0x00000000c2600000, 0x00000000c4f00000, 0x00000000eb700000)
  object space 41984K, 14% used [0x00000000c2600000,0x00000000c2bf5168,0x00000000c4f00000)
 PSPermGen       total 21504K, used 17577K [0x00000000bd400000, 0x00000000be900000, 0x00000000c2600000)
  object space 21504K, 81% used [0x00000000bd400000,0x00000000be52a4b8,0x00000000be900000)
}

